<?xml version="1.0" encoding="UTF-8"?>
<testsuite xmlns:xsi="http://www.w3.org/2001/XMLSchema-instance" xsi:noNamespaceSchemaLocation="https://maven.apache.org/surefire/maven-surefire-plugin/xsd/surefire-test-report.xsd" name="com.sy.qing.service.imple.CategoryServiceImpleTest" time="0.213" tests="3" errors="0" skipped="0" failures="0">
  <properties>
    <property name="sun.desktop" value="windows"/>
    <property name="awt.toolkit" value="sun.awt.windows.WToolkit"/>
    <property name="file.encoding.pkg" value="sun.io"/>
    <property name="java.specification.version" value="1.8"/>
    <property name="sun.cpu.isalist" value="amd64"/>
    <property name="sun.jnu.encoding" value="GBK"/>
    <property name="java.class.path" value="E:\GitHub\sy-leyou-end\sy-item\item-service\target\test-classes;E:\GitHub\sy-leyou-end\sy-item\item-service\target\classes;E:\GitHub\sy-leyou-end\sy-common\target\sy-common-1.0-SNAPSHOT.jar;D:\maven\mvn-repository\org\springframework\boot\spring-boot-starter-web\2.1.4.RELEASE\spring-boot-starter-web-2.1.4.RELEASE.jar;D:\maven\mvn-repository\org\springframework\boot\spring-boot-starter-json\2.1.4.RELEASE\spring-boot-starter-json-2.1.4.RELEASE.jar;D:\maven\mvn-repository\com\fasterxml\jackson\core\jackson-databind\2.9.8\jackson-databind-2.9.8.jar;D:\maven\mvn-repository\com\fasterxml\jackson\core\jackson-annotations\2.9.0\jackson-annotations-2.9.0.jar;D:\maven\mvn-repository\com\fasterxml\jackson\datatype\jackson-datatype-jdk8\2.9.8\jackson-datatype-jdk8-2.9.8.jar;D:\maven\mvn-repository\com\fasterxml\jackson\datatype\jackson-datatype-jsr310\2.9.8\jackson-datatype-jsr310-2.9.8.jar;D:\maven\mvn-repository\com\fasterxml\jackson\module\jackson-module-parameter-names\2.9.8\jackson-module-parameter-names-2.9.8.jar;D:\maven\mvn-repository\org\springframework\boot\spring-boot-starter-tomcat\2.1.4.RELEASE\spring-boot-starter-tomcat-2.1.4.RELEASE.jar;D:\maven\mvn-repository\org\apache\tomcat\embed\tomcat-embed-core\9.0.17\tomcat-embed-core-9.0.17.jar;D:\maven\mvn-repository\org\apache\tomcat\embed\tomcat-embed-el\9.0.17\tomcat-embed-el-9.0.17.jar;D:\maven\mvn-repository\org\apache\tomcat\embed\tomcat-embed-websocket\9.0.17\tomcat-embed-websocket-9.0.17.jar;D:\maven\mvn-repository\org\hibernate\validator\hibernate-validator\6.0.16.Final\hibernate-validator-6.0.16.Final.jar;D:\maven\mvn-repository\javax\validation\validation-api\2.0.1.Final\validation-api-2.0.1.Final.jar;D:\maven\mvn-repository\org\jboss\logging\jboss-logging\3.3.2.Final\jboss-logging-3.3.2.Final.jar;D:\maven\mvn-repository\com\fasterxml\classmate\1.4.0\classmate-1.4.0.jar;D:\maven\mvn-repository\org\springframework\spring-web\5.1.6.RELEASE\spring-web-5.1.6.RELEASE.jar;D:\maven\mvn-repository\org\springframework\spring-beans\5.1.6.RELEASE\spring-beans-5.1.6.RELEASE.jar;D:\maven\mvn-repository\org\springframework\spring-webmvc\5.1.6.RELEASE\spring-webmvc-5.1.6.RELEASE.jar;D:\maven\mvn-repository\org\springframework\spring-aop\5.1.6.RELEASE\spring-aop-5.1.6.RELEASE.jar;D:\maven\mvn-repository\org\springframework\spring-context\5.1.6.RELEASE\spring-context-5.1.6.RELEASE.jar;D:\maven\mvn-repository\org\springframework\spring-expression\5.1.6.RELEASE\spring-expression-5.1.6.RELEASE.jar;D:\maven\mvn-repository\org\projectlombok\lombok\1.18.6\lombok-1.18.6.jar;D:\maven\mvn-repository\org\springframework\boot\spring-boot-devtools\2.1.4.RELEASE\spring-boot-devtools-2.1.4.RELEASE.jar;D:\maven\mvn-repository\org\springframework\boot\spring-boot\2.1.4.RELEASE\spring-boot-2.1.4.RELEASE.jar;D:\maven\mvn-repository\org\apache\commons\commons-lang3\3.8.1\commons-lang3-3.8.1.jar;D:\maven\mvn-repository\org\apache\commons\commons-collections4\4.1\commons-collections4-4.1.jar;D:\maven\mvn-repository\com\alibaba\fastjson\1.2.70\fastjson-1.2.70.jar;D:\maven\mvn-repository\mysql\mysql-connector-java\5.1.32\mysql-connector-java-5.1.32.jar;D:\maven\mvn-repository\com\baomidou\mybatis-plus-boot-starter\3.1.2\mybatis-plus-boot-starter-3.1.2.jar;D:\maven\mvn-repository\com\baomidou\mybatis-plus\3.1.2\mybatis-plus-3.1.2.jar;D:\maven\mvn-repository\com\baomidou\mybatis-plus-extension\3.1.2\mybatis-plus-extension-3.1.2.jar;D:\maven\mvn-repository\com\baomidou\mybatis-plus-core\3.1.2\mybatis-plus-core-3.1.2.jar;D:\maven\mvn-repository\com\baomidou\mybatis-plus-annotation\3.1.2\mybatis-plus-annotation-3.1.2.jar;D:\maven\mvn-repository\com\github\jsqlparser\jsqlparser\1.2\jsqlparser-1.2.jar;D:\maven\mvn-repository\org\mybatis\mybatis\3.5.1\mybatis-3.5.1.jar;D:\maven\mvn-repository\org\mybatis\mybatis-spring\2.0.1\mybatis-spring-2.0.1.jar;D:\maven\mvn-repository\org\springframework\boot\spring-boot-autoconfigure\2.1.4.RELEASE\spring-boot-autoconfigure-2.1.4.RELEASE.jar;D:\maven\mvn-repository\org\springframework\boot\spring-boot-starter-jdbc\2.1.4.RELEASE\spring-boot-starter-jdbc-2.1.4.RELEASE.jar;D:\maven\mvn-repository\com\zaxxer\HikariCP\3.2.0\HikariCP-3.2.0.jar;D:\maven\mvn-repository\org\springframework\spring-jdbc\5.1.6.RELEASE\spring-jdbc-5.1.6.RELEASE.jar;D:\maven\mvn-repository\org\springframework\spring-tx\5.1.6.RELEASE\spring-tx-5.1.6.RELEASE.jar;D:\maven\mvn-repository\com\alibaba\cloud\spring-cloud-starter-alibaba-nacos-discovery\2.1.0.RELEASE\spring-cloud-starter-alibaba-nacos-discovery-2.1.0.RELEASE.jar;D:\maven\mvn-repository\com\alibaba\cloud\spring-cloud-alibaba-nacos-discovery\2.1.0.RELEASE\spring-cloud-alibaba-nacos-discovery-2.1.0.RELEASE.jar;D:\maven\mvn-repository\com\alibaba\nacos\nacos-client\1.1.1\nacos-client-1.1.1.jar;D:\maven\mvn-repository\com\alibaba\nacos\nacos-common\1.1.1\nacos-common-1.1.1.jar;D:\maven\mvn-repository\commons-io\commons-io\2.2\commons-io-2.2.jar;D:\maven\mvn-repository\com\alibaba\nacos\nacos-api\1.1.1\nacos-api-1.1.1.jar;D:\maven\mvn-repository\com\google\guava\guava\19.0\guava-19.0.jar;D:\maven\mvn-repository\commons-codec\commons-codec\1.11\commons-codec-1.11.jar;D:\maven\mvn-repository\com\fasterxml\jackson\core\jackson-core\2.9.8\jackson-core-2.9.8.jar;D:\maven\mvn-repository\io\prometheus\simpleclient\0.5.0\simpleclient-0.5.0.jar;D:\maven\mvn-repository\org\springframework\cloud\spring-cloud-commons\2.1.3.RELEASE\spring-cloud-commons-2.1.3.RELEASE.jar;D:\maven\mvn-repository\org\springframework\security\spring-security-crypto\5.1.5.RELEASE\spring-security-crypto-5.1.5.RELEASE.jar;D:\maven\mvn-repository\org\springframework\cloud\spring-cloud-context\2.1.3.RELEASE\spring-cloud-context-2.1.3.RELEASE.jar;D:\maven\mvn-repository\org\springframework\cloud\spring-cloud-starter-netflix-ribbon\2.1.3.RELEASE\spring-cloud-starter-netflix-ribbon-2.1.3.RELEASE.jar;D:\maven\mvn-repository\org\springframework\cloud\spring-cloud-starter\2.1.3.RELEASE\spring-cloud-starter-2.1.3.RELEASE.jar;D:\maven\mvn-repository\org\springframework\security\spring-security-rsa\1.0.7.RELEASE\spring-security-rsa-1.0.7.RELEASE.jar;D:\maven\mvn-repository\org\bouncycastle\bcpkix-jdk15on\1.60\bcpkix-jdk15on-1.60.jar;D:\maven\mvn-repository\org\bouncycastle\bcprov-jdk15on\1.60\bcprov-jdk15on-1.60.jar;D:\maven\mvn-repository\org\springframework\cloud\spring-cloud-netflix-ribbon\2.1.3.RELEASE\spring-cloud-netflix-ribbon-2.1.3.RELEASE.jar;D:\maven\mvn-repository\org\springframework\cloud\spring-cloud-netflix-archaius\2.1.3.RELEASE\spring-cloud-netflix-archaius-2.1.3.RELEASE.jar;D:\maven\mvn-repository\org\springframework\cloud\spring-cloud-starter-netflix-archaius\2.1.3.RELEASE\spring-cloud-starter-netflix-archaius-2.1.3.RELEASE.jar;D:\maven\mvn-repository\com\netflix\archaius\archaius-core\0.7.6\archaius-core-0.7.6.jar;D:\maven\mvn-repository\com\google\code\findbugs\jsr305\3.0.1\jsr305-3.0.1.jar;D:\maven\mvn-repository\commons-configuration\commons-configuration\1.8\commons-configuration-1.8.jar;D:\maven\mvn-repository\com\netflix\ribbon\ribbon\2.3.0\ribbon-2.3.0.jar;D:\maven\mvn-repository\com\netflix\ribbon\ribbon-transport\2.3.0\ribbon-transport-2.3.0.jar;D:\maven\mvn-repository\io\reactivex\rxnetty-contexts\0.4.9\rxnetty-contexts-0.4.9.jar;D:\maven\mvn-repository\io\reactivex\rxnetty-servo\0.4.9\rxnetty-servo-0.4.9.jar;D:\maven\mvn-repository\com\netflix\hystrix\hystrix-core\1.5.18\hystrix-core-1.5.18.jar;D:\maven\mvn-repository\org\hdrhistogram\HdrHistogram\2.1.9\HdrHistogram-2.1.9.jar;D:\maven\mvn-repository\javax\inject\javax.inject\1\javax.inject-1.jar;D:\maven\mvn-repository\io\reactivex\rxnetty\0.4.9\rxnetty-0.4.9.jar;D:\maven\mvn-repository\com\netflix\ribbon\ribbon-core\2.3.0\ribbon-core-2.3.0.jar;D:\maven\mvn-repository\commons-lang\commons-lang\2.6\commons-lang-2.6.jar;D:\maven\mvn-repository\com\netflix\ribbon\ribbon-httpclient\2.3.0\ribbon-httpclient-2.3.0.jar;D:\maven\mvn-repository\commons-collections\commons-collections\3.2.2\commons-collections-3.2.2.jar;D:\maven\mvn-repository\org\apache\httpcomponents\httpclient\4.5.8\httpclient-4.5.8.jar;D:\maven\mvn-repository\org\apache\httpcomponents\httpcore\4.4.11\httpcore-4.4.11.jar;D:\maven\mvn-repository\com\sun\jersey\jersey-client\1.19.1\jersey-client-1.19.1.jar;D:\maven\mvn-repository\com\sun\jersey\jersey-core\1.19.1\jersey-core-1.19.1.jar;D:\maven\mvn-repository\javax\ws\rs\jsr311-api\1.1.1\jsr311-api-1.1.1.jar;D:\maven\mvn-repository\com\sun\jersey\contribs\jersey-apache-client4\1.19.1\jersey-apache-client4-1.19.1.jar;D:\maven\mvn-repository\com\netflix\servo\servo-core\0.12.21\servo-core-0.12.21.jar;D:\maven\mvn-repository\com\netflix\netflix-commons\netflix-commons-util\0.3.0\netflix-commons-util-0.3.0.jar;D:\maven\mvn-repository\com\netflix\ribbon\ribbon-loadbalancer\2.3.0\ribbon-loadbalancer-2.3.0.jar;D:\maven\mvn-repository\com\netflix\netflix-commons\netflix-statistics\0.1.1\netflix-statistics-0.1.1.jar;D:\maven\mvn-repository\io\reactivex\rxjava\1.3.8\rxjava-1.3.8.jar;D:\maven\mvn-repository\com\alibaba\cloud\spring-cloud-starter-alibaba-nacos-config\2.1.0.RELEASE\spring-cloud-starter-alibaba-nacos-config-2.1.0.RELEASE.jar;D:\maven\mvn-repository\com\alibaba\cloud\spring-cloud-alibaba-nacos-config\2.1.0.RELEASE\spring-cloud-alibaba-nacos-config-2.1.0.RELEASE.jar;D:\maven\mvn-repository\org\springframework\boot\spring-boot-starter-test\2.1.4.RELEASE\spring-boot-starter-test-2.1.4.RELEASE.jar;D:\maven\mvn-repository\org\springframework\boot\spring-boot-starter\2.1.4.RELEASE\spring-boot-starter-2.1.4.RELEASE.jar;D:\maven\mvn-repository\org\springframework\boot\spring-boot-starter-logging\2.1.4.RELEASE\spring-boot-starter-logging-2.1.4.RELEASE.jar;D:\maven\mvn-repository\ch\qos\logback\logback-classic\1.2.3\logback-classic-1.2.3.jar;D:\maven\mvn-repository\ch\qos\logback\logback-core\1.2.3\logback-core-1.2.3.jar;D:\maven\mvn-repository\org\apache\logging\log4j\log4j-to-slf4j\2.11.2\log4j-to-slf4j-2.11.2.jar;D:\maven\mvn-repository\org\apache\logging\log4j\log4j-api\2.11.2\log4j-api-2.11.2.jar;D:\maven\mvn-repository\org\slf4j\jul-to-slf4j\1.7.26\jul-to-slf4j-1.7.26.jar;D:\maven\mvn-repository\javax\annotation\javax.annotation-api\1.3.2\javax.annotation-api-1.3.2.jar;D:\maven\mvn-repository\org\yaml\snakeyaml\1.23\snakeyaml-1.23.jar;D:\maven\mvn-repository\org\springframework\boot\spring-boot-test\2.1.4.RELEASE\spring-boot-test-2.1.4.RELEASE.jar;D:\maven\mvn-repository\org\springframework\boot\spring-boot-test-autoconfigure\2.1.4.RELEASE\spring-boot-test-autoconfigure-2.1.4.RELEASE.jar;D:\maven\mvn-repository\com\jayway\jsonpath\json-path\2.4.0\json-path-2.4.0.jar;D:\maven\mvn-repository\net\minidev\json-smart\2.3\json-smart-2.3.jar;D:\maven\mvn-repository\net\minidev\accessors-smart\1.2\accessors-smart-1.2.jar;D:\maven\mvn-repository\org\ow2\asm\asm\5.0.4\asm-5.0.4.jar;D:\maven\mvn-repository\org\slf4j\slf4j-api\1.7.26\slf4j-api-1.7.26.jar;D:\maven\mvn-repository\junit\junit\4.12\junit-4.12.jar;D:\maven\mvn-repository\org\assertj\assertj-core\3.11.1\assertj-core-3.11.1.jar;D:\maven\mvn-repository\org\mockito\mockito-core\2.23.4\mockito-core-2.23.4.jar;D:\maven\mvn-repository\net\bytebuddy\byte-buddy\1.9.12\byte-buddy-1.9.12.jar;D:\maven\mvn-repository\net\bytebuddy\byte-buddy-agent\1.9.12\byte-buddy-agent-1.9.12.jar;D:\maven\mvn-repository\org\objenesis\objenesis\2.6\objenesis-2.6.jar;D:\maven\mvn-repository\org\hamcrest\hamcrest-core\1.3\hamcrest-core-1.3.jar;D:\maven\mvn-repository\org\hamcrest\hamcrest-library\1.3\hamcrest-library-1.3.jar;D:\maven\mvn-repository\org\skyscreamer\jsonassert\1.5.0\jsonassert-1.5.0.jar;D:\maven\mvn-repository\com\vaadin\external\google\android-json\0.0.20131108.vaadin1\android-json-0.0.20131108.vaadin1.jar;D:\maven\mvn-repository\org\springframework\spring-core\5.1.6.RELEASE\spring-core-5.1.6.RELEASE.jar;D:\maven\mvn-repository\org\springframework\spring-jcl\5.1.6.RELEASE\spring-jcl-5.1.6.RELEASE.jar;D:\maven\mvn-repository\org\springframework\spring-test\5.1.6.RELEASE\spring-test-5.1.6.RELEASE.jar;D:\maven\mvn-repository\org\xmlunit\xmlunit-core\2.6.2\xmlunit-core-2.6.2.jar;"/>
    <property name="java.vm.vendor" value="Oracle Corporation"/>
    <property name="maven-test.skip" value="true"/>
    <property name="sun.arch.data.model" value="64"/>
    <property name="user.variant" value=""/>
    <property name="java.vendor.url" value="http://java.oracle.com/"/>
    <property name="user.timezone" value="Asia/Shanghai"/>
    <property name="java.vm.specification.version" value="1.8"/>
    <property name="os.name" value="Windows 10"/>
    <property name="user.country" value="CN"/>
    <property name="sun.java.launcher" value="SUN_STANDARD"/>
    <property name="sun.boot.library.path" value="C:\Program Files\Java\jdk1.8.0_251\jre\bin"/>
    <property name="sun.java.command" value="C:\Users\Admin\AppData\Local\Temp\surefire6565437984510678483\surefirebooter4231954466322232112.jar C:\Users\Admin\AppData\Local\Temp\surefire6565437984510678483 2020-12-09T15-56-21_870-jvmRun1 surefire8785240665530058593tmp surefire_03068506282187710984tmp"/>
    <property name="surefire.test.class.path" value="E:\GitHub\sy-leyou-end\sy-item\item-service\target\test-classes;E:\GitHub\sy-leyou-end\sy-item\item-service\target\classes;E:\GitHub\sy-leyou-end\sy-common\target\sy-common-1.0-SNAPSHOT.jar;D:\maven\mvn-repository\org\springframework\boot\spring-boot-starter-web\2.1.4.RELEASE\spring-boot-starter-web-2.1.4.RELEASE.jar;D:\maven\mvn-repository\org\springframework\boot\spring-boot-starter-json\2.1.4.RELEASE\spring-boot-starter-json-2.1.4.RELEASE.jar;D:\maven\mvn-repository\com\fasterxml\jackson\core\jackson-databind\2.9.8\jackson-databind-2.9.8.jar;D:\maven\mvn-repository\com\fasterxml\jackson\core\jackson-annotations\2.9.0\jackson-annotations-2.9.0.jar;D:\maven\mvn-repository\com\fasterxml\jackson\datatype\jackson-datatype-jdk8\2.9.8\jackson-datatype-jdk8-2.9.8.jar;D:\maven\mvn-repository\com\fasterxml\jackson\datatype\jackson-datatype-jsr310\2.9.8\jackson-datatype-jsr310-2.9.8.jar;D:\maven\mvn-repository\com\fasterxml\jackson\module\jackson-module-parameter-names\2.9.8\jackson-module-parameter-names-2.9.8.jar;D:\maven\mvn-repository\org\springframework\boot\spring-boot-starter-tomcat\2.1.4.RELEASE\spring-boot-starter-tomcat-2.1.4.RELEASE.jar;D:\maven\mvn-repository\org\apache\tomcat\embed\tomcat-embed-core\9.0.17\tomcat-embed-core-9.0.17.jar;D:\maven\mvn-repository\org\apache\tomcat\embed\tomcat-embed-el\9.0.17\tomcat-embed-el-9.0.17.jar;D:\maven\mvn-repository\org\apache\tomcat\embed\tomcat-embed-websocket\9.0.17\tomcat-embed-websocket-9.0.17.jar;D:\maven\mvn-repository\org\hibernate\validator\hibernate-validator\6.0.16.Final\hibernate-validator-6.0.16.Final.jar;D:\maven\mvn-repository\javax\validation\validation-api\2.0.1.Final\validation-api-2.0.1.Final.jar;D:\maven\mvn-repository\org\jboss\logging\jboss-logging\3.3.2.Final\jboss-logging-3.3.2.Final.jar;D:\maven\mvn-repository\com\fasterxml\classmate\1.4.0\classmate-1.4.0.jar;D:\maven\mvn-repository\org\springframework\spring-web\5.1.6.RELEASE\spring-web-5.1.6.RELEASE.jar;D:\maven\mvn-repository\org\springframework\spring-beans\5.1.6.RELEASE\spring-beans-5.1.6.RELEASE.jar;D:\maven\mvn-repository\org\springframework\spring-webmvc\5.1.6.RELEASE\spring-webmvc-5.1.6.RELEASE.jar;D:\maven\mvn-repository\org\springframework\spring-aop\5.1.6.RELEASE\spring-aop-5.1.6.RELEASE.jar;D:\maven\mvn-repository\org\springframework\spring-context\5.1.6.RELEASE\spring-context-5.1.6.RELEASE.jar;D:\maven\mvn-repository\org\springframework\spring-expression\5.1.6.RELEASE\spring-expression-5.1.6.RELEASE.jar;D:\maven\mvn-repository\org\projectlombok\lombok\1.18.6\lombok-1.18.6.jar;D:\maven\mvn-repository\org\springframework\boot\spring-boot-devtools\2.1.4.RELEASE\spring-boot-devtools-2.1.4.RELEASE.jar;D:\maven\mvn-repository\org\springframework\boot\spring-boot\2.1.4.RELEASE\spring-boot-2.1.4.RELEASE.jar;D:\maven\mvn-repository\org\apache\commons\commons-lang3\3.8.1\commons-lang3-3.8.1.jar;D:\maven\mvn-repository\org\apache\commons\commons-collections4\4.1\commons-collections4-4.1.jar;D:\maven\mvn-repository\com\alibaba\fastjson\1.2.70\fastjson-1.2.70.jar;D:\maven\mvn-repository\mysql\mysql-connector-java\5.1.32\mysql-connector-java-5.1.32.jar;D:\maven\mvn-repository\com\baomidou\mybatis-plus-boot-starter\3.1.2\mybatis-plus-boot-starter-3.1.2.jar;D:\maven\mvn-repository\com\baomidou\mybatis-plus\3.1.2\mybatis-plus-3.1.2.jar;D:\maven\mvn-repository\com\baomidou\mybatis-plus-extension\3.1.2\mybatis-plus-extension-3.1.2.jar;D:\maven\mvn-repository\com\baomidou\mybatis-plus-core\3.1.2\mybatis-plus-core-3.1.2.jar;D:\maven\mvn-repository\com\baomidou\mybatis-plus-annotation\3.1.2\mybatis-plus-annotation-3.1.2.jar;D:\maven\mvn-repository\com\github\jsqlparser\jsqlparser\1.2\jsqlparser-1.2.jar;D:\maven\mvn-repository\org\mybatis\mybatis\3.5.1\mybatis-3.5.1.jar;D:\maven\mvn-repository\org\mybatis\mybatis-spring\2.0.1\mybatis-spring-2.0.1.jar;D:\maven\mvn-repository\org\springframework\boot\spring-boot-autoconfigure\2.1.4.RELEASE\spring-boot-autoconfigure-2.1.4.RELEASE.jar;D:\maven\mvn-repository\org\springframework\boot\spring-boot-starter-jdbc\2.1.4.RELEASE\spring-boot-starter-jdbc-2.1.4.RELEASE.jar;D:\maven\mvn-repository\com\zaxxer\HikariCP\3.2.0\HikariCP-3.2.0.jar;D:\maven\mvn-repository\org\springframework\spring-jdbc\5.1.6.RELEASE\spring-jdbc-5.1.6.RELEASE.jar;D:\maven\mvn-repository\org\springframework\spring-tx\5.1.6.RELEASE\spring-tx-5.1.6.RELEASE.jar;D:\maven\mvn-repository\com\alibaba\cloud\spring-cloud-starter-alibaba-nacos-discovery\2.1.0.RELEASE\spring-cloud-starter-alibaba-nacos-discovery-2.1.0.RELEASE.jar;D:\maven\mvn-repository\com\alibaba\cloud\spring-cloud-alibaba-nacos-discovery\2.1.0.RELEASE\spring-cloud-alibaba-nacos-discovery-2.1.0.RELEASE.jar;D:\maven\mvn-repository\com\alibaba\nacos\nacos-client\1.1.1\nacos-client-1.1.1.jar;D:\maven\mvn-repository\com\alibaba\nacos\nacos-common\1.1.1\nacos-common-1.1.1.jar;D:\maven\mvn-repository\commons-io\commons-io\2.2\commons-io-2.2.jar;D:\maven\mvn-repository\com\alibaba\nacos\nacos-api\1.1.1\nacos-api-1.1.1.jar;D:\maven\mvn-repository\com\google\guava\guava\19.0\guava-19.0.jar;D:\maven\mvn-repository\commons-codec\commons-codec\1.11\commons-codec-1.11.jar;D:\maven\mvn-repository\com\fasterxml\jackson\core\jackson-core\2.9.8\jackson-core-2.9.8.jar;D:\maven\mvn-repository\io\prometheus\simpleclient\0.5.0\simpleclient-0.5.0.jar;D:\maven\mvn-repository\org\springframework\cloud\spring-cloud-commons\2.1.3.RELEASE\spring-cloud-commons-2.1.3.RELEASE.jar;D:\maven\mvn-repository\org\springframework\security\spring-security-crypto\5.1.5.RELEASE\spring-security-crypto-5.1.5.RELEASE.jar;D:\maven\mvn-repository\org\springframework\cloud\spring-cloud-context\2.1.3.RELEASE\spring-cloud-context-2.1.3.RELEASE.jar;D:\maven\mvn-repository\org\springframework\cloud\spring-cloud-starter-netflix-ribbon\2.1.3.RELEASE\spring-cloud-starter-netflix-ribbon-2.1.3.RELEASE.jar;D:\maven\mvn-repository\org\springframework\cloud\spring-cloud-starter\2.1.3.RELEASE\spring-cloud-starter-2.1.3.RELEASE.jar;D:\maven\mvn-repository\org\springframework\security\spring-security-rsa\1.0.7.RELEASE\spring-security-rsa-1.0.7.RELEASE.jar;D:\maven\mvn-repository\org\bouncycastle\bcpkix-jdk15on\1.60\bcpkix-jdk15on-1.60.jar;D:\maven\mvn-repository\org\bouncycastle\bcprov-jdk15on\1.60\bcprov-jdk15on-1.60.jar;D:\maven\mvn-repository\org\springframework\cloud\spring-cloud-netflix-ribbon\2.1.3.RELEASE\spring-cloud-netflix-ribbon-2.1.3.RELEASE.jar;D:\maven\mvn-repository\org\springframework\cloud\spring-cloud-netflix-archaius\2.1.3.RELEASE\spring-cloud-netflix-archaius-2.1.3.RELEASE.jar;D:\maven\mvn-repository\org\springframework\cloud\spring-cloud-starter-netflix-archaius\2.1.3.RELEASE\spring-cloud-starter-netflix-archaius-2.1.3.RELEASE.jar;D:\maven\mvn-repository\com\netflix\archaius\archaius-core\0.7.6\archaius-core-0.7.6.jar;D:\maven\mvn-repository\com\google\code\findbugs\jsr305\3.0.1\jsr305-3.0.1.jar;D:\maven\mvn-repository\commons-configuration\commons-configuration\1.8\commons-configuration-1.8.jar;D:\maven\mvn-repository\com\netflix\ribbon\ribbon\2.3.0\ribbon-2.3.0.jar;D:\maven\mvn-repository\com\netflix\ribbon\ribbon-transport\2.3.0\ribbon-transport-2.3.0.jar;D:\maven\mvn-repository\io\reactivex\rxnetty-contexts\0.4.9\rxnetty-contexts-0.4.9.jar;D:\maven\mvn-repository\io\reactivex\rxnetty-servo\0.4.9\rxnetty-servo-0.4.9.jar;D:\maven\mvn-repository\com\netflix\hystrix\hystrix-core\1.5.18\hystrix-core-1.5.18.jar;D:\maven\mvn-repository\org\hdrhistogram\HdrHistogram\2.1.9\HdrHistogram-2.1.9.jar;D:\maven\mvn-repository\javax\inject\javax.inject\1\javax.inject-1.jar;D:\maven\mvn-repository\io\reactivex\rxnetty\0.4.9\rxnetty-0.4.9.jar;D:\maven\mvn-repository\com\netflix\ribbon\ribbon-core\2.3.0\ribbon-core-2.3.0.jar;D:\maven\mvn-repository\commons-lang\commons-lang\2.6\commons-lang-2.6.jar;D:\maven\mvn-repository\com\netflix\ribbon\ribbon-httpclient\2.3.0\ribbon-httpclient-2.3.0.jar;D:\maven\mvn-repository\commons-collections\commons-collections\3.2.2\commons-collections-3.2.2.jar;D:\maven\mvn-repository\org\apache\httpcomponents\httpclient\4.5.8\httpclient-4.5.8.jar;D:\maven\mvn-repository\org\apache\httpcomponents\httpcore\4.4.11\httpcore-4.4.11.jar;D:\maven\mvn-repository\com\sun\jersey\jersey-client\1.19.1\jersey-client-1.19.1.jar;D:\maven\mvn-repository\com\sun\jersey\jersey-core\1.19.1\jersey-core-1.19.1.jar;D:\maven\mvn-repository\javax\ws\rs\jsr311-api\1.1.1\jsr311-api-1.1.1.jar;D:\maven\mvn-repository\com\sun\jersey\contribs\jersey-apache-client4\1.19.1\jersey-apache-client4-1.19.1.jar;D:\maven\mvn-repository\com\netflix\servo\servo-core\0.12.21\servo-core-0.12.21.jar;D:\maven\mvn-repository\com\netflix\netflix-commons\netflix-commons-util\0.3.0\netflix-commons-util-0.3.0.jar;D:\maven\mvn-repository\com\netflix\ribbon\ribbon-loadbalancer\2.3.0\ribbon-loadbalancer-2.3.0.jar;D:\maven\mvn-repository\com\netflix\netflix-commons\netflix-statistics\0.1.1\netflix-statistics-0.1.1.jar;D:\maven\mvn-repository\io\reactivex\rxjava\1.3.8\rxjava-1.3.8.jar;D:\maven\mvn-repository\com\alibaba\cloud\spring-cloud-starter-alibaba-nacos-config\2.1.0.RELEASE\spring-cloud-starter-alibaba-nacos-config-2.1.0.RELEASE.jar;D:\maven\mvn-repository\com\alibaba\cloud\spring-cloud-alibaba-nacos-config\2.1.0.RELEASE\spring-cloud-alibaba-nacos-config-2.1.0.RELEASE.jar;D:\maven\mvn-repository\org\springframework\boot\spring-boot-starter-test\2.1.4.RELEASE\spring-boot-starter-test-2.1.4.RELEASE.jar;D:\maven\mvn-repository\org\springframework\boot\spring-boot-starter\2.1.4.RELEASE\spring-boot-starter-2.1.4.RELEASE.jar;D:\maven\mvn-repository\org\springframework\boot\spring-boot-starter-logging\2.1.4.RELEASE\spring-boot-starter-logging-2.1.4.RELEASE.jar;D:\maven\mvn-repository\ch\qos\logback\logback-classic\1.2.3\logback-classic-1.2.3.jar;D:\maven\mvn-repository\ch\qos\logback\logback-core\1.2.3\logback-core-1.2.3.jar;D:\maven\mvn-repository\org\apache\logging\log4j\log4j-to-slf4j\2.11.2\log4j-to-slf4j-2.11.2.jar;D:\maven\mvn-repository\org\apache\logging\log4j\log4j-api\2.11.2\log4j-api-2.11.2.jar;D:\maven\mvn-repository\org\slf4j\jul-to-slf4j\1.7.26\jul-to-slf4j-1.7.26.jar;D:\maven\mvn-repository\javax\annotation\javax.annotation-api\1.3.2\javax.annotation-api-1.3.2.jar;D:\maven\mvn-repository\org\yaml\snakeyaml\1.23\snakeyaml-1.23.jar;D:\maven\mvn-repository\org\springframework\boot\spring-boot-test\2.1.4.RELEASE\spring-boot-test-2.1.4.RELEASE.jar;D:\maven\mvn-repository\org\springframework\boot\spring-boot-test-autoconfigure\2.1.4.RELEASE\spring-boot-test-autoconfigure-2.1.4.RELEASE.jar;D:\maven\mvn-repository\com\jayway\jsonpath\json-path\2.4.0\json-path-2.4.0.jar;D:\maven\mvn-repository\net\minidev\json-smart\2.3\json-smart-2.3.jar;D:\maven\mvn-repository\net\minidev\accessors-smart\1.2\accessors-smart-1.2.jar;D:\maven\mvn-repository\org\ow2\asm\asm\5.0.4\asm-5.0.4.jar;D:\maven\mvn-repository\org\slf4j\slf4j-api\1.7.26\slf4j-api-1.7.26.jar;D:\maven\mvn-repository\junit\junit\4.12\junit-4.12.jar;D:\maven\mvn-repository\org\assertj\assertj-core\3.11.1\assertj-core-3.11.1.jar;D:\maven\mvn-repository\org\mockito\mockito-core\2.23.4\mockito-core-2.23.4.jar;D:\maven\mvn-repository\net\bytebuddy\byte-buddy\1.9.12\byte-buddy-1.9.12.jar;D:\maven\mvn-repository\net\bytebuddy\byte-buddy-agent\1.9.12\byte-buddy-agent-1.9.12.jar;D:\maven\mvn-repository\org\objenesis\objenesis\2.6\objenesis-2.6.jar;D:\maven\mvn-repository\org\hamcrest\hamcrest-core\1.3\hamcrest-core-1.3.jar;D:\maven\mvn-repository\org\hamcrest\hamcrest-library\1.3\hamcrest-library-1.3.jar;D:\maven\mvn-repository\org\skyscreamer\jsonassert\1.5.0\jsonassert-1.5.0.jar;D:\maven\mvn-repository\com\vaadin\external\google\android-json\0.0.20131108.vaadin1\android-json-0.0.20131108.vaadin1.jar;D:\maven\mvn-repository\org\springframework\spring-core\5.1.6.RELEASE\spring-core-5.1.6.RELEASE.jar;D:\maven\mvn-repository\org\springframework\spring-jcl\5.1.6.RELEASE\spring-jcl-5.1.6.RELEASE.jar;D:\maven\mvn-repository\org\springframework\spring-test\5.1.6.RELEASE\spring-test-5.1.6.RELEASE.jar;D:\maven\mvn-repository\org\xmlunit\xmlunit-core\2.6.2\xmlunit-core-2.6.2.jar;"/>
    <property name="sun.cpu.endian" value="little"/>
    <property name="user.home" value="C:\Users\Admin"/>
    <property name="user.language" value="zh"/>
    <property name="java.specification.vendor" value="Oracle Corporation"/>
    <property name="java.home" value="C:\Program Files\Java\jdk1.8.0_251\jre"/>
    <property name="basedir" value="E:\GitHub\sy-leyou-end\sy-item\item-service"/>
    <property name="file.separator" value="\"/>
    <property name="line.separator" value="&#10;"/>
    <property name="java.vm.specification.vendor" value="Oracle Corporation"/>
    <property name="java.specification.name" value="Java Platform API Specification"/>
    <property name="java.awt.graphicsenv" value="sun.awt.Win32GraphicsEnvironment"/>
    <property name="surefire.real.class.path" value="C:\Users\Admin\AppData\Local\Temp\surefire6565437984510678483\surefirebooter4231954466322232112.jar"/>
    <property name="sun.boot.class.path" value="C:\Program Files\Java\jdk1.8.0_251\jre\lib\resources.jar;C:\Program Files\Java\jdk1.8.0_251\jre\lib\rt.jar;C:\Program Files\Java\jdk1.8.0_251\jre\lib\sunrsasign.jar;C:\Program Files\Java\jdk1.8.0_251\jre\lib\jsse.jar;C:\Program Files\Java\jdk1.8.0_251\jre\lib\jce.jar;C:\Program Files\Java\jdk1.8.0_251\jre\lib\charsets.jar;C:\Program Files\Java\jdk1.8.0_251\jre\lib\jfr.jar;C:\Program Files\Java\jdk1.8.0_251\jre\classes"/>
    <property name="user.script" value=""/>
    <property name="sun.management.compiler" value="HotSpot 64-Bit Tiered Compilers"/>
    <property name="java.runtime.version" value="1.8.0_251-b08"/>
    <property name="user.name" value="Admin"/>
    <property name="path.separator" value=";"/>
    <property name="os.version" value="10.0"/>
    <property name="java.endorsed.dirs" value="C:\Program Files\Java\jdk1.8.0_251\jre\lib\endorsed"/>
    <property name="java.runtime.name" value="Java(TM) SE Runtime Environment"/>
    <property name="file.encoding" value="GBK"/>
    <property name="java.vm.name" value="Java HotSpot(TM) 64-Bit Server VM"/>
    <property name="localRepository" value="D:\maven\mvn-repository"/>
    <property name="java.vendor.url.bug" value="http://bugreport.sun.com/bugreport/"/>
    <property name="java.io.tmpdir" value="C:\Users\Admin\AppData\Local\Temp\"/>
    <property name="java.version" value="1.8.0_251"/>
    <property name="user.dir" value="E:\GitHub\sy-leyou-end\sy-item\item-service"/>
    <property name="os.arch" value="amd64"/>
    <property name="java.vm.specification.name" value="Java Virtual Machine Specification"/>
    <property name="java.awt.printerjob" value="sun.awt.windows.WPrinterJob"/>
    <property name="sun.os.patch.level" value=""/>
    <property name="java.library.path" value="C:\Program Files\Java\jdk1.8.0_251\jre\bin;C:\Windows\Sun\Java\bin;C:\Windows\system32;C:\Windows;D:\xshell\;C:\Program Files\Python38\Scripts\;C:\Program Files\Python38\;C:\Program Files (x86)\Common Files\Oracle\Java\javapath;C:\Windows\system32;C:\Windows;C:\Windows\System32\Wbem;C:\Windows\System32\WindowsPowerShell\v1.0\;C:\Windows\System32\OpenSSH\;&quot;;C:\Program Files\Java\jdk1.8.0_251\bin;C:\Program Files\Java\jdk1.8.0_251\jre\bin&quot;;C:\Program Files\Java\jdk1.8.0_251\bin;C:\Program Files\Java\jdk1.8.0_251\jre\bin;D:\maven\apache-maven-3.5.4\bin\;D:\Git\cmd;D:\svn\bin;D:\node.js\;D:\DB\Redis-x64-3.2.100;D:\mysql\mysql-5.7.19-winx64\bin\bin;D:\xftp\;D:\anaconda;D:\anaconda\Library\mingw-w64\bin;D:\anaconda\Library\usr\bin;D:\anaconda\Library\bin;D:\anaconda\Scripts;C:\Users\Admin\AppData\Local\Microsoft\WindowsApps;D:\mysql\mysql-5.7.19-winx64\bin;C:\Program Files\Bandizip\;C:\Users\Admin\AppData\Local\GitHubDesktop\bin;D:\Microsoft VS Code\bin;C:\Users\Admin\AppData\Local\Programs\Fiddler;C:\Users\Admin\AppData\Roaming\npm;."/>
    <property name="java.vm.info" value="mixed mode"/>
    <property name="java.vendor" value="Oracle Corporation"/>
    <property name="java.vm.version" value="25.251-b08"/>
    <property name="java.ext.dirs" value="C:\Program Files\Java\jdk1.8.0_251\jre\lib\ext;C:\Windows\Sun\Java\lib\ext"/>
    <property name="sun.io.unicode.encoding" value="UnicodeLittle"/>
    <property name="java.class.version" value="52.0"/>
  </properties>
  <testcase name="cId" classname="com.sy.qing.service.imple.CategoryServiceImpleTest" time="0.014"/>
  <testcase name="cid3" classname="com.sy.qing.service.imple.CategoryServiceImpleTest" time="0.121"/>
  <testcase name="categoryList" classname="com.sy.qing.service.imple.CategoryServiceImpleTest" time="0.075"/>
</testsuite>